{"/home/runner/work/OwlOut/OwlOut/apps/app-nextjs/app/page.tsx": {"path":"/home/runner/work/OwlOut/OwlOut/apps/app-nextjs/app/page.tsx","statementMap":{"0":{"start":{"line":4,"column":0},"end":{"line":4,"column":24}},"1":{"start":{"line":2,"column":0},"end":{"line":2,"column":22}},"2":{"start":{"line":10,"column":2},"end":{"line":469,"column":4}}},"fnMap":{"0":{"name":"Index","decl":{"start":{"line":4,"column":24},"end":{"line":4,"column":29}},"loc":{"start":{"line":4,"column":29},"end":{"line":470,"column":1}}}},"branchMap":{},"s":{"0":1,"1":1,"2":4},"f":{"0":4},"b":{}}
}
